============================= test session starts =============================
platform win32 -- Python 3.14.2, pytest-9.0.2, pluggy-1.6.0 -- C:\Users\HP\AppData\Local\Programs\Python\Python314\python.exe
cachedir: .pytest_cache
rootdir: C:\Users\HP\indianstock
plugins: anyio-4.12.1
collecting ... collected 3 items

test_nse_v3.py::test_nse_v3 PASSED                                       [ 33%]
test_nsepython.py::test_nsepython_options ERROR                          [ 66%]
test_yf_options.py::test_yf_options ERROR                                [100%]

=================================== ERRORS ====================================
__________________ ERROR at setup of test_nsepython_options ___________________
file C:\Users\HP\indianstock\test_nsepython.py, line 4
  def test_nsepython_options(symbol):
E       fixture 'symbol' not found
>       available fixtures: anyio_backend, anyio_backend_name, anyio_backend_options, cache, capfd, capfdbinary, caplog, capsys, capsysbinary, capteesys, doctest_namespace, free_tcp_port, free_tcp_port_factory, free_udp_port, free_udp_port_factory, monkeypatch, pytestconfig, record_property, record_testsuite_property, record_xml_attribute, recwarn, subtests, tmp_path, tmp_path_factory, tmpdir, tmpdir_factory
>       use 'pytest --fixtures [testpath]' for help on them.

C:\Users\HP\indianstock\test_nsepython.py:4
______________________ ERROR at setup of test_yf_options ______________________
file C:\Users\HP\indianstock\test_yf_options.py, line 4
  def test_yf_options(symbol):
E       fixture 'symbol' not found
>       available fixtures: anyio_backend, anyio_backend_name, anyio_backend_options, cache, capfd, capfdbinary, caplog, capsys, capsysbinary, capteesys, doctest_namespace, free_tcp_port, free_tcp_port_factory, free_udp_port, free_udp_port_factory, monkeypatch, pytestconfig, record_property, record_testsuite_property, record_xml_attribute, recwarn, subtests, tmp_path, tmp_path_factory, tmpdir, tmpdir_factory
>       use 'pytest --fixtures [testpath]' for help on them.

C:\Users\HP\indianstock\test_yf_options.py:4
=========================== short test summary info ===========================
ERROR test_nsepython.py::test_nsepython_options
ERROR test_yf_options.py::test_yf_options
========================= 1 passed, 2 errors in 4.91s =========================
